The system is: Windows - 10.0.18363 - AMD64
Compiling the C compiler identification source file "CMakeCCompilerId.c" succeeded.
Compiler: D:/VS2019/VC/Tools/MSVC/14.28.29910/bin/Hostx86/x86/cl.exe 
Build flags: 
Id flags:  

The output was:
0
Оптимизирующий компилятор Microsoft (R) C/C++ версии 19.28.29910 для x86
(C) Корпорация Майкрософт (Microsoft Corporation).  Все права защищены.

CMakeCCompilerId.c
Microsoft (R) Incremental Linker Version 14.28.29910.0
Copyright (C) Microsoft Corporation.  All rights reserved.

/out:CMakeCCompilerId.exe 
CMakeCCompilerId.obj 


Compilation of the C compiler identification source "CMakeCCompilerId.c" produced "CMakeCCompilerId.exe"

Compilation of the C compiler identification source "CMakeCCompilerId.c" produced "CMakeCCompilerId.obj"

The C compiler identification is MSVC, found in "D:/Computer_Science/CDNS/cmake-build-debug/CMakeFiles/3.19.2/CompilerIdC/CMakeCCompilerId.exe"

Detecting C compiler ABI info compiled with the following output:
Change Dir: D:/Computer_Science/CDNS/cmake-build-debug/CMakeFiles/CMakeTmp

Run Build Command(s):nmake /nologo cmTC_9e82e\fast && 	D:\VS2019\VC\Tools\MSVC\14.28.29910\bin\HostX86\x86\nmake.exe  -f CMakeFiles\cmTC_9e82e.dir\build.make /nologo -L                  CMakeFiles\cmTC_9e82e.dir\build
Building C object CMakeFiles/cmTC_9e82e.dir/CMakeCCompilerABI.c.obj
	D:\VS2019\VC\Tools\MSVC\14.28.29910\bin\Hostx86\x86\cl.exe @C:\Users\User\AppData\Local\Temp\nm5C0F.tmp
CMakeCCompilerABI.c
Linking C executable cmTC_9e82e.exe
	"D:\CLion 2020.3.2\bin\cmake\win\bin\cmake.exe" -E vs_link_exe --intdir=CMakeFiles\cmTC_9e82e.dir --rc=C:\PROGRA~2\WI3CF2~1\10\bin\100190~1.0\x86\rc.exe --mt=C:\PROGRA~2\WI3CF2~1\10\bin\100190~1.0\x86\mt.exe --manifests -- D:\VS2019\VC\Tools\MSVC\14.28.29910\bin\Hostx86\x86\link.exe /nologo @CMakeFiles\cmTC_9e82e.dir\objects1.rsp @C:\Users\User\AppData\Local\Temp\nm5C5E.tmp



